<?xml version="1.0" encoding="UTF-8"?>
<testsuite name="model.TheaterTest" tests="3" skipped="0" failures="0" errors="0" timestamp="2025-10-03T18:23:38" hostname="MacBook-Pro.local" time="0.001">
  <properties/>
  <testcase name="getCenterRow()" classname="model.TheaterTest" time="0.0"/>
  <testcase name="getName()" classname="model.TheaterTest" time="0.0"/>
  <testcase name="getRows()" classname="model.TheaterTest" time="0.0"/>
  <system-out><![CDATA[]]></system-out>
  <system-err><![CDATA[]]></system-err>
</testsuite>
