<?xml version="1.0" encoding="UTF-8"?>
<testsuite name="model.SeatTest" tests="7" skipped="0" failures="0" errors="0" timestamp="2024-08-10T16:44:43" hostname="MacBook-Air-7" time="0.006">
  <properties/>
  <testcase name="isReserved()" classname="model.SeatTest" time="0.001"/>
  <testcase name="testToString()" classname="model.SeatTest" time="0.0"/>
  <testcase name="getName()" classname="model.SeatTest" time="0.001"/>
  <testcase name="testHashCode()" classname="model.SeatTest" time="0.0"/>
  <testcase name="reserve()" classname="model.SeatTest" time="0.0"/>
  <testcase name="testEquals()" classname="model.SeatTest" time="0.0"/>
  <testcase name="getReservedFor()" classname="model.SeatTest" time="0.001"/>
  <system-out><![CDATA[]]></system-out>
  <system-err><![CDATA[]]></system-err>
</testsuite>
